<?xml version="1.0" encoding="UTF-8"?>
<!-- Generated by org.testng.reporters.JUnitXMLReporter -->
<testsuite ignored="1" hostname="DESKTOP-VH5210E" failures="1" tests="1" name="Error Validation" time="0.087" errors="0" timestamp="2024-06-21T11:30:32 IST">
  <testcase classname="Rahulshettyacedemy.Tests.ErrorValidation" name="loginErrorValidation" time="0.022">
    <failure type="java.lang.NullPointerException" message="Cannot invoke &amp;quot;Rahulshettyacedemy.pageobjects.LandingPage.loginApplication(String, String)&amp;quot; because &amp;quot;this.landingPage&amp;quot; is null">
      <![CDATA[java.lang.NullPointerException: Cannot invoke "Rahulshettyacedemy.pageobjects.LandingPage.loginApplication(String, String)" because "this.landingPage" is null
at Rahulshettyacedemy.Tests.ErrorValidation.loginErrorValidation(ErrorValidation.java:35)
at java.base/java.util.ArrayList.forEach(ArrayList.java:1511)
at java.base/java.util.concurrent.FutureTask.run(FutureTask.java:264)
at java.base/java.util.concurrent.ThreadPoolExecutor.runWorker(ThreadPoolExecutor.java:1136)
at java.base/java.util.concurrent.ThreadPoolExecutor$Worker.run(ThreadPoolExecutor.java:635)
at java.base/java.lang.Thread.run(Thread.java:833)
... Removed 15 stack frames]]>
    </failure>
  </testcase> <!-- loginErrorValidation -->
  <testcase classname="Rahulshettyacedemy.Tests.ErrorValidation" name="productErrorValidation" time="0.0">
    <ignored/>
  </testcase> <!-- productErrorValidation -->
</testsuite> <!-- Error Validation -->
