<?xml version="1.0" encoding="UTF-8"?>
<!-- Generated by org.testng.reporters.JUnitXMLReporter -->
<testsuite ignored="2" hostname="DESKTOP-VH5210E" failures="0" tests="0" time="0.013" errors="0" timestamp="2024-06-21T11:30:32 IST">
  <testcase classname="Rahulshettyacedemy.Tests.StandAloneTestFORpageobject" name="standaloneTest" time="0.0">
    <ignored/>
  </testcase> <!-- standaloneTest -->
  <testcase classname="Rahulshettyacedemy.Tests.StandAloneTestFORpageobject" name="OrderHistoryTest" time="0.0">
    <ignored/>
  </testcase> <!-- OrderHistoryTest -->
</testsuite>
